[debug] [2022-10-14T13:48:12.863Z] ----------------------------------------------------------------------
[debug] [2022-10-14T13:48:12.866Z] Command:       C:\Program Files\nodejs\node.exe C:\Users\mchuh\AppData\Roaming\npm\node_modules\firebase-tools\lib\bin\firebase.js init
[debug] [2022-10-14T13:48:12.867Z] CLI Version:   11.4.2
[debug] [2022-10-14T13:48:12.867Z] Platform:      win32
[debug] [2022-10-14T13:48:12.868Z] Node Version:  v16.16.0
[debug] [2022-10-14T13:48:12.875Z] Time:          Fri Oct 14 2022 19:18:12 GMT+0530 (India Standard Time)
[debug] [2022-10-14T13:48:12.875Z] ----------------------------------------------------------------------
[debug] 
[debug] [2022-10-14T13:48:12.881Z] >>> [apiv2][query] GET https://firebase-public.firebaseio.com/cli.json [none]
[debug] [2022-10-14T13:48:12.990Z] > command requires scopes: ["email","openid","https://www.googleapis.com/auth/cloudplatformprojects.readonly","https://www.googleapis.com/auth/firebase","https://www.googleapis.com/auth/cloud-platform"]
[debug] [2022-10-14T13:48:12.991Z] > authorizing via signed-in user (mchuhan66@gmail.com)
[info] 
     ######## #### ########  ######## ########     ###     ######  ########
     ##        ##  ##     ## ##       ##     ##  ##   ##  ##       ##
     ######    ##  ########  ######   ########  #########  ######  ######
     ##        ##  ##    ##  ##       ##     ## ##     ##       ## ##
     ##       #### ##     ## ######## ########  ##     ##  ######  ########

You're about to initialize a Firebase project in this directory:

  C:\Users\mchuh\web development\projects\webapp\mchat

Before we get started, keep in mind:

  * You are initializing within an existing Firebase project directory

[debug] [2022-10-14T13:48:14.181Z] <<< [apiv2][status] GET https://firebase-public.firebaseio.com/cli.json 200
[debug] [2022-10-14T13:48:14.182Z] <<< [apiv2][body] GET https://firebase-public.firebaseio.com/cli.json {"cloudBuildErrorAfter":1594252800000,"cloudBuildWarnAfter":1590019200000,"defaultNode10After":1594252800000,"minVersion":"3.0.5","node8DeploysDisabledAfter":1613390400000,"node8RuntimeDisabledAfter":1615809600000,"node8WarnAfter":1600128000000}
[info] 
=== Project Setup
[info] 
[info] First, let's associate this project directory with a Firebase project.
[info] You can create multiple project aliases by running firebase use --add, 
[info] but for now we'll just set up a default project.
[info] 
[debug] [2022-10-14T13:48:44.882Z] Using project from CLI flag: mchat-6df1b
[debug] [2022-10-14T13:48:44.884Z] > refreshing access token with scopes: []
[debug] [2022-10-14T13:48:44.885Z] >>> [apiv2][query] POST https://www.googleapis.com/oauth2/v3/token [none]
[debug] [2022-10-14T13:48:44.885Z] >>> [apiv2][body] POST https://www.googleapis.com/oauth2/v3/token [omitted]
[debug] [2022-10-14T13:48:45.447Z] <<< [apiv2][status] POST https://www.googleapis.com/oauth2/v3/token 200
[debug] [2022-10-14T13:48:45.447Z] <<< [apiv2][body] POST https://www.googleapis.com/oauth2/v3/token [omitted]
[debug] [2022-10-14T13:48:45.464Z] >>> [apiv2][query] GET https://firebase.googleapis.com/v1beta1/projects/mchat-6df1b [none]
[debug] [2022-10-14T13:48:46.555Z] <<< [apiv2][status] GET https://firebase.googleapis.com/v1beta1/projects/mchat-6df1b 200
[debug] [2022-10-14T13:48:46.555Z] <<< [apiv2][body] GET https://firebase.googleapis.com/v1beta1/projects/mchat-6df1b {"projectId":"mchat-6df1b","projectNumber":"116583105386","displayName":"Mchat","name":"projects/mchat-6df1b","resources":{"hostingSite":"mchat-6df1b","storageBucket":"mchat-6df1b.appspot.com","locationId":"us-central"},"state":"ACTIVE","etag":"1_5a966074-09a1-48b7-8eae-805ab4c58d7c"}
[info] i  Using project mchat-6df1b (Mchat) 
[info] 
=== Hosting:github Setup
[info] 
[info] i  Detected a .git folder at C:\Users\mchuh\web development\projects\webapp\mchat 
[info] i  Authorizing with GitHub to upload your service account to a GitHub repository's secrets store. 
[info] 
[info] Visit this URL on this device to log in:
[info] https://github.com/login/oauth/authorize?client_id=89cf50f02ac6aaed3484&state=707539405&redirect_uri=http%3A%2F%2Flocalhost%3A9005&scope=read%3Auser%20repo%20public_repo
[info] 
[info] Waiting for authentication...
